2024-12-11 12:03:20 - Queue Exception Message: The specified queue does not exist. (Service: AmazonSQS; Status Code: 400; Error Code: AWS.SimpleQueueService.NonExistentQueue; Request ID: e4c39066-4f22-592f-9458-cfb57b4d7fc4; Proxy: null)
2024-12-11 12:03:20 - Queue Exception Message: The specified queue does not exist. (Service: AmazonSQS; Status Code: 400; Error Code: AWS.SimpleQueueService.NonExistentQueue; Request ID: afca9344-52aa-5b68-ba73-cc9766c5bd83; Proxy: null)
2024-12-11 12:03:20 - No mapping for GET /hello
2024-12-11 12:03:20 - No endpoint GET /hello.
2024-12-11 12:03:20 - Queue Exception Message: The specified queue does not exist. (Service: AmazonSQS; Status Code: 400; Error Code: AWS.SimpleQueueService.NonExistentQueue; Request ID: bcfc9833-1cdf-5bad-870f-c7e028b02d46; Proxy: null)
2024-12-11 12:03:21 - No mapping for GET /favicon.ico
2024-12-11 12:03:21 - No endpoint GET /favicon.ico.
2024-12-11 12:03:21 - Queue Exception Message: The specified queue does not exist. (Service: AmazonSQS; Status Code: 400; Error Code: AWS.SimpleQueueService.NonExistentQueue; Request ID: c66f240b-df73-5135-91ca-7bd8eb1c37de; Proxy: null)
2024-12-11 12:03:21 - Queue Exception Message: The specified queue does not exist. (Service: AmazonSQS; Status Code: 400; Error Code: AWS.SimpleQueueService.NonExistentQueue; Request ID: 97f0123c-bfca-5c03-85e3-4def8bbacae8; Proxy: null)
2024-12-11 12:03:21 - Queue Exception Message: The specified queue does not exist. (Service: AmazonSQS; Status Code: 400; Error Code: AWS.SimpleQueueService.NonExistentQueue; Request ID: f33078e5-a98e-5a4d-a381-27369dfeaca6; Proxy: null)
2024-12-11 12:03:21 - Queue Exception Message: The specified queue does not exist. (Service: AmazonSQS; Status Code: 400; Error Code: AWS.SimpleQueueService.NonExistentQueue; Request ID: 23e522a3-c876-5803-be37-7d70fc06eee8; Proxy: null)
2024-12-11 12:03:21 - Queue Exception Message: The specified queue does not exist. (Service: AmazonSQS; Status Code: 400; Error Code: AWS.SimpleQueueService.NonExistentQueue; Request ID: a65e562f-dd7a-50a3-a3da-09fce90a5648; Proxy: null)
2024-12-11 12:03:21 - Queue Exception Message: The specified queue does not exist. (Service: AmazonSQS; Status Code: 400; Error Code: AWS.SimpleQueueService.NonExistentQueue; Request ID: 1ce22015-e7ad-5d4e-bdd4-7fc6d3ddfba5; Proxy: null)
2024-12-11 12:03:22 - Queue Exception Message: The specified queue does not exist. (Service: AmazonSQS; Status Code: 400; Error Code: AWS.SimpleQueueService.NonExistentQueue; Request ID: f1bb5261-8bda-5b1d-9b79-0db2bfaa0df6; Proxy: null)
2024-12-11 12:05:11 - Queue Exception Message: The specified queue does not exist. (Service: AmazonSQS; Status Code: 400; Error Code: AWS.SimpleQueueService.NonExistentQueue; Request ID: 38889767-c8aa-5a60-a082-c8b4fc740556; Proxy: null)
2024-12-11 12:05:12 - Queue Exception Message: The specified queue does not exist. (Service: AmazonSQS; Status Code: 400; Error Code: AWS.SimpleQueueService.NonExistentQueue; Request ID: dcaa6617-f187-5050-925f-39c4c5594f66; Proxy: null)
2024-12-11 12:05:12 - Queue Exception Message: The specified queue does not exist. (Service: AmazonSQS; Status Code: 400; Error Code: AWS.SimpleQueueService.NonExistentQueue; Request ID: c2b0168c-2afc-5de9-897f-495f1e2292df; Proxy: null)
2024-12-11 12:05:12 - Queue Exception Message: The specified queue does not exist. (Service: AmazonSQS; Status Code: 400; Error Code: AWS.SimpleQueueService.NonExistentQueue; Request ID: db27cf59-a28b-5d84-9ee4-908a9654e2b2; Proxy: null)
2024-12-11 12:05:12 - Queue Exception Message: The specified queue does not exist. (Service: AmazonSQS; Status Code: 400; Error Code: AWS.SimpleQueueService.NonExistentQueue; Request ID: b1666ec6-1e46-54fa-ab49-31152a99abcc; Proxy: null)
2024-12-11 12:05:12 - Queue Exception Message: The specified queue does not exist. (Service: AmazonSQS; Status Code: 400; Error Code: AWS.SimpleQueueService.NonExistentQueue; Request ID: e145c523-d5e1-5ab5-aa8d-9af0e13e6583; Proxy: null)
2024-12-11 12:05:12 - Queue Exception Message: The specified queue does not exist. (Service: AmazonSQS; Status Code: 400; Error Code: AWS.SimpleQueueService.NonExistentQueue; Request ID: a993906e-0c82-53eb-ae8a-cfbd385dccdd; Proxy: null)
2024-12-11 12:05:13 - Queue Exception Message: The specified queue does not exist. (Service: AmazonSQS; Status Code: 400; Error Code: AWS.SimpleQueueService.NonExistentQueue; Request ID: e2a3d55e-8137-537c-8c96-8a8db5e8cc4a; Proxy: null)
2024-12-11 12:05:13 - Queue Exception Message: The specified queue does not exist. (Service: AmazonSQS; Status Code: 400; Error Code: AWS.SimpleQueueService.NonExistentQueue; Request ID: 38505b63-6859-5948-83aa-04b05c86567e; Proxy: null)
2024-12-11 12:05:13 - Queue Exception Message: The specified queue does not exist. (Service: AmazonSQS; Status Code: 400; Error Code: AWS.SimpleQueueService.NonExistentQueue; Request ID: 67a5cff7-257a-5906-8623-9024119a5630; Proxy: null)
2024-12-11 12:07:03 - Queue Exception Message: The specified queue does not exist. (Service: AmazonSQS; Status Code: 400; Error Code: AWS.SimpleQueueService.NonExistentQueue; Request ID: a3323627-e1a7-54af-bef1-69f4d4e92d9b; Proxy: null)
2024-12-11 12:07:04 - Queue Exception Message: The specified queue does not exist. (Service: AmazonSQS; Status Code: 400; Error Code: AWS.SimpleQueueService.NonExistentQueue; Request ID: fd71f0eb-209b-596d-9779-af3815d51059; Proxy: null)
2024-12-11 12:07:04 - Queue Exception Message: The specified queue does not exist. (Service: AmazonSQS; Status Code: 400; Error Code: AWS.SimpleQueueService.NonExistentQueue; Request ID: 1b8cf20a-8c99-54b3-96b8-add9b9d6dd87; Proxy: null)
2024-12-11 12:07:04 - Queue Exception Message: The specified queue does not exist. (Service: AmazonSQS; Status Code: 400; Error Code: AWS.SimpleQueueService.NonExistentQueue; Request ID: 64f90069-6d93-56a6-bdd8-5fba58dc6f92; Proxy: null)
2024-12-11 12:07:04 - Queue Exception Message: The specified queue does not exist. (Service: AmazonSQS; Status Code: 400; Error Code: AWS.SimpleQueueService.NonExistentQueue; Request ID: 14b3c7ba-6e57-5f46-8928-98695b188672; Proxy: null)
2024-12-11 12:07:05 - Queue Exception Message: The specified queue does not exist. (Service: AmazonSQS; Status Code: 400; Error Code: AWS.SimpleQueueService.NonExistentQueue; Request ID: 2e985713-50da-5b1d-a87c-08c065951229; Proxy: null)
2024-12-11 12:07:05 - Queue Exception Message: The specified queue does not exist. (Service: AmazonSQS; Status Code: 400; Error Code: AWS.SimpleQueueService.NonExistentQueue; Request ID: fa14189d-3469-59b1-a625-474e01261085; Proxy: null)
2024-12-11 12:07:05 - Queue Exception Message: The specified queue does not exist. (Service: AmazonSQS; Status Code: 400; Error Code: AWS.SimpleQueueService.NonExistentQueue; Request ID: 43f24f52-8146-5451-af4e-1081b416ad65; Proxy: null)
2024-12-11 12:07:05 - Queue Exception Message: The specified queue does not exist. (Service: AmazonSQS; Status Code: 400; Error Code: AWS.SimpleQueueService.NonExistentQueue; Request ID: da4efa4f-1685-55b6-bbb4-a59c23d5fc82; Proxy: null)
2024-12-11 12:07:05 - Queue Exception Message: The specified queue does not exist. (Service: AmazonSQS; Status Code: 400; Error Code: AWS.SimpleQueueService.NonExistentQueue; Request ID: a502b656-f37c-54df-8008-e985c62cedeb; Proxy: null)
2024-12-11 13:09:01 - Queue Exception Message: The specified queue does not exist. (Service: AmazonSQS; Status Code: 400; Error Code: AWS.SimpleQueueService.NonExistentQueue; Request ID: efac0f46-abd6-52f3-a700-5095e8028c50; Proxy: null)
2024-12-11 13:09:02 - Queue Exception Message: The specified queue does not exist. (Service: AmazonSQS; Status Code: 400; Error Code: AWS.SimpleQueueService.NonExistentQueue; Request ID: 3cddba05-6bcc-5961-be0d-e5d6281897c2; Proxy: null)
2024-12-11 13:09:02 - Queue Exception Message: The specified queue does not exist. (Service: AmazonSQS; Status Code: 400; Error Code: AWS.SimpleQueueService.NonExistentQueue; Request ID: 1dd0b124-db7c-5f03-b51b-eef798a941a0; Proxy: null)
2024-12-11 13:09:02 - Queue Exception Message: The specified queue does not exist. (Service: AmazonSQS; Status Code: 400; Error Code: AWS.SimpleQueueService.NonExistentQueue; Request ID: 3e953eed-6aae-5ed0-b1c5-613e297be073; Proxy: null)
2024-12-11 13:09:02 - Queue Exception Message: The specified queue does not exist. (Service: AmazonSQS; Status Code: 400; Error Code: AWS.SimpleQueueService.NonExistentQueue; Request ID: 0c334b9d-4e3e-564f-abdc-144e0deb08ec; Proxy: null)
2024-12-11 13:09:03 - Queue Exception Message: The specified queue does not exist. (Service: AmazonSQS; Status Code: 400; Error Code: AWS.SimpleQueueService.NonExistentQueue; Request ID: 664b6691-6ced-5f3b-8d28-39422f38c198; Proxy: null)
2024-12-11 13:09:03 - Queue Exception Message: The specified queue does not exist. (Service: AmazonSQS; Status Code: 400; Error Code: AWS.SimpleQueueService.NonExistentQueue; Request ID: f3012bc0-ca96-5879-b556-7413894066da; Proxy: null)
2024-12-11 13:09:03 - Queue Exception Message: The specified queue does not exist. (Service: AmazonSQS; Status Code: 400; Error Code: AWS.SimpleQueueService.NonExistentQueue; Request ID: 7b3d0b09-7226-5a69-8e94-54da31f0d4ca; Proxy: null)
2024-12-11 13:09:03 - Queue Exception Message: The specified queue does not exist. (Service: AmazonSQS; Status Code: 400; Error Code: AWS.SimpleQueueService.NonExistentQueue; Request ID: 5b1b0204-1062-5715-ab89-5dd753b439b6; Proxy: null)
2024-12-11 13:09:03 - Queue Exception Message: The specified queue does not exist. (Service: AmazonSQS; Status Code: 400; Error Code: AWS.SimpleQueueService.NonExistentQueue; Request ID: 1e337a5b-f9e5-58fb-937b-2588ba334658; Proxy: null)
2024-12-11 13:12:27 - Queue Exception Message: The specified queue does not exist. (Service: AmazonSQS; Status Code: 400; Error Code: AWS.SimpleQueueService.NonExistentQueue; Request ID: d6127450-1de3-52f4-87d2-2b835941d863; Proxy: null)
2024-12-11 13:12:27 - Queue Exception Message: The specified queue does not exist. (Service: AmazonSQS; Status Code: 400; Error Code: AWS.SimpleQueueService.NonExistentQueue; Request ID: b06473b9-20dc-5217-b208-2c6a647e0880; Proxy: null)
2024-12-11 13:12:28 - Queue Exception Message: The specified queue does not exist. (Service: AmazonSQS; Status Code: 400; Error Code: AWS.SimpleQueueService.NonExistentQueue; Request ID: b6f8f7b0-427e-5a17-89cf-a86306dc2080; Proxy: null)
2024-12-11 13:12:28 - Queue Exception Message: The specified queue does not exist. (Service: AmazonSQS; Status Code: 400; Error Code: AWS.SimpleQueueService.NonExistentQueue; Request ID: e8a60409-73e0-5437-bb17-5bda3742fea0; Proxy: null)
2024-12-11 13:12:28 - Queue Exception Message: The specified queue does not exist. (Service: AmazonSQS; Status Code: 400; Error Code: AWS.SimpleQueueService.NonExistentQueue; Request ID: 296b505c-2800-5a63-a76a-0f8f6ca300f4; Proxy: null)
2024-12-11 13:12:28 - Queue Exception Message: The specified queue does not exist. (Service: AmazonSQS; Status Code: 400; Error Code: AWS.SimpleQueueService.NonExistentQueue; Request ID: 4a03ab0a-8ec5-5e18-9987-f4d9ca66d48f; Proxy: null)
2024-12-11 13:12:28 - Queue Exception Message: The specified queue does not exist. (Service: AmazonSQS; Status Code: 400; Error Code: AWS.SimpleQueueService.NonExistentQueue; Request ID: 67692aed-2f37-5636-9c07-753e6b949ca1; Proxy: null)
2024-12-11 13:12:29 - Queue Exception Message: The specified queue does not exist. (Service: AmazonSQS; Status Code: 400; Error Code: AWS.SimpleQueueService.NonExistentQueue; Request ID: 5eb07291-ee9f-523e-bd94-2d42aa3cf8a9; Proxy: null)
2024-12-11 13:12:29 - Queue Exception Message: The specified queue does not exist. (Service: AmazonSQS; Status Code: 400; Error Code: AWS.SimpleQueueService.NonExistentQueue; Request ID: 75bfc325-14a1-5037-a1f5-9cf65005caa0; Proxy: null)
2024-12-11 13:12:29 - Queue Exception Message: The specified queue does not exist. (Service: AmazonSQS; Status Code: 400; Error Code: AWS.SimpleQueueService.NonExistentQueue; Request ID: 0f5c0a38-90d3-54a8-a47b-55ebd4778e3f; Proxy: null)
2024-12-11 13:13:34 - Queue Exception Message: The specified queue does not exist. (Service: AmazonSQS; Status Code: 400; Error Code: AWS.SimpleQueueService.NonExistentQueue; Request ID: 16d9a232-8992-533c-8202-fde1cd773c20; Proxy: null)
2024-12-11 13:13:34 - Queue Exception Message: The specified queue does not exist. (Service: AmazonSQS; Status Code: 400; Error Code: AWS.SimpleQueueService.NonExistentQueue; Request ID: c7086472-b2f3-530a-9a6d-3ba1f616cc16; Proxy: null)
2024-12-11 13:13:35 - Queue Exception Message: The specified queue does not exist. (Service: AmazonSQS; Status Code: 400; Error Code: AWS.SimpleQueueService.NonExistentQueue; Request ID: d5f71db3-4969-5028-b1a7-42600d8c6f34; Proxy: null)
2024-12-11 13:13:35 - Queue Exception Message: The specified queue does not exist. (Service: AmazonSQS; Status Code: 400; Error Code: AWS.SimpleQueueService.NonExistentQueue; Request ID: 5d26d956-0460-5028-b6af-86854085af34; Proxy: null)
2024-12-11 13:13:35 - Queue Exception Message: The specified queue does not exist. (Service: AmazonSQS; Status Code: 400; Error Code: AWS.SimpleQueueService.NonExistentQueue; Request ID: a582e377-cc7d-576b-831c-bca4889ba877; Proxy: null)
2024-12-11 13:13:35 - Queue Exception Message: The specified queue does not exist. (Service: AmazonSQS; Status Code: 400; Error Code: AWS.SimpleQueueService.NonExistentQueue; Request ID: cd0fe39d-f3c9-5da0-8558-bc4eb72f72bc; Proxy: null)
2024-12-11 13:13:35 - Queue Exception Message: The specified queue does not exist. (Service: AmazonSQS; Status Code: 400; Error Code: AWS.SimpleQueueService.NonExistentQueue; Request ID: 28af534f-d7dc-52cd-b9bd-0c9c933a5dd1; Proxy: null)
2024-12-11 13:13:36 - Queue Exception Message: The specified queue does not exist. (Service: AmazonSQS; Status Code: 400; Error Code: AWS.SimpleQueueService.NonExistentQueue; Request ID: f431463f-8316-5c10-bc58-19ecc7f0a30c; Proxy: null)
2024-12-11 13:13:36 - Queue Exception Message: The specified queue does not exist. (Service: AmazonSQS; Status Code: 400; Error Code: AWS.SimpleQueueService.NonExistentQueue; Request ID: 1d1618f4-8d85-5c37-bd3e-4727c962332b; Proxy: null)
2024-12-11 13:13:36 - Queue Exception Message: The specified queue does not exist. (Service: AmazonSQS; Status Code: 400; Error Code: AWS.SimpleQueueService.NonExistentQueue; Request ID: 2567e12a-ef9a-5353-add9-bef9ab7dac4f; Proxy: null)
2024-12-11 13:16:24 - Queue Exception Message: The specified queue does not exist. (Service: AmazonSQS; Status Code: 400; Error Code: AWS.SimpleQueueService.NonExistentQueue; Request ID: 1f91a10e-1076-55ca-b8fa-fedd55f87031; Proxy: null)
2024-12-11 13:16:24 - Queue Exception Message: The specified queue does not exist. (Service: AmazonSQS; Status Code: 400; Error Code: AWS.SimpleQueueService.NonExistentQueue; Request ID: f54affd6-41c0-53c2-8c85-a005044ff639; Proxy: null)
2024-12-11 13:16:24 - Queue Exception Message: The specified queue does not exist. (Service: AmazonSQS; Status Code: 400; Error Code: AWS.SimpleQueueService.NonExistentQueue; Request ID: 2247fe6b-2033-5cbf-9066-a1b865bce944; Proxy: null)
2024-12-11 13:16:24 - Queue Exception Message: The specified queue does not exist. (Service: AmazonSQS; Status Code: 400; Error Code: AWS.SimpleQueueService.NonExistentQueue; Request ID: e7ee7268-51eb-5c09-afd7-2dbb1464f9f2; Proxy: null)
2024-12-11 13:16:25 - Queue Exception Message: The specified queue does not exist. (Service: AmazonSQS; Status Code: 400; Error Code: AWS.SimpleQueueService.NonExistentQueue; Request ID: 71d3813c-f62c-58a8-999d-deefb3a38d53; Proxy: null)
2024-12-11 13:16:25 - Queue Exception Message: The specified queue does not exist. (Service: AmazonSQS; Status Code: 400; Error Code: AWS.SimpleQueueService.NonExistentQueue; Request ID: b8756523-d8a9-5479-b41d-3af09d392182; Proxy: null)
2024-12-11 13:16:25 - Queue Exception Message: The specified queue does not exist. (Service: AmazonSQS; Status Code: 400; Error Code: AWS.SimpleQueueService.NonExistentQueue; Request ID: 6ae57f14-be50-567a-ab5b-20c7fbc0e381; Proxy: null)
2024-12-11 13:16:25 - Queue Exception Message: The specified queue does not exist. (Service: AmazonSQS; Status Code: 400; Error Code: AWS.SimpleQueueService.NonExistentQueue; Request ID: e12b946c-df9b-55f4-aba2-cbbf9a0b500f; Proxy: null)
2024-12-11 13:16:25 - Queue Exception Message: The specified queue does not exist. (Service: AmazonSQS; Status Code: 400; Error Code: AWS.SimpleQueueService.NonExistentQueue; Request ID: d018195c-35a0-58bc-ad66-468f7030cd47; Proxy: null)
2024-12-11 13:16:26 - Queue Exception Message: The specified queue does not exist. (Service: AmazonSQS; Status Code: 400; Error Code: AWS.SimpleQueueService.NonExistentQueue; Request ID: 5017a709-850d-56c9-9f6a-f8dac09de332; Proxy: null)
2024-12-11 13:22:31 - Queue Exception Message: The specified queue does not exist. (Service: AmazonSQS; Status Code: 400; Error Code: AWS.SimpleQueueService.NonExistentQueue; Request ID: 7d1f01b8-11f4-58ab-b17d-5e6b570a3890; Proxy: null)
2024-12-11 13:22:32 - Queue Exception Message: The specified queue does not exist. (Service: AmazonSQS; Status Code: 400; Error Code: AWS.SimpleQueueService.NonExistentQueue; Request ID: 2b936904-72db-5c36-826b-36d73425bc0d; Proxy: null)
2024-12-11 13:22:32 - Queue Exception Message: The specified queue does not exist. (Service: AmazonSQS; Status Code: 400; Error Code: AWS.SimpleQueueService.NonExistentQueue; Request ID: 68ceeb0e-de8f-5679-aee0-b4dd9870e642; Proxy: null)
2024-12-11 13:22:32 - Queue Exception Message: The specified queue does not exist. (Service: AmazonSQS; Status Code: 400; Error Code: AWS.SimpleQueueService.NonExistentQueue; Request ID: 6ce8c89b-17bc-5071-9cae-97485143c04a; Proxy: null)
2024-12-11 13:22:32 - Queue Exception Message: The specified queue does not exist. (Service: AmazonSQS; Status Code: 400; Error Code: AWS.SimpleQueueService.NonExistentQueue; Request ID: 2eece877-d981-513a-8fde-b7a49f7e7101; Proxy: null)
2024-12-11 13:22:33 - Queue Exception Message: The specified queue does not exist. (Service: AmazonSQS; Status Code: 400; Error Code: AWS.SimpleQueueService.NonExistentQueue; Request ID: bad36a04-af57-5d8f-a2c0-35d7e9a8adb4; Proxy: null)
2024-12-11 13:22:33 - Queue Exception Message: The specified queue does not exist. (Service: AmazonSQS; Status Code: 400; Error Code: AWS.SimpleQueueService.NonExistentQueue; Request ID: 49e0f4ee-997b-5b4a-8a47-ab3dde7b0b71; Proxy: null)
2024-12-11 13:22:33 - Queue Exception Message: The specified queue does not exist. (Service: AmazonSQS; Status Code: 400; Error Code: AWS.SimpleQueueService.NonExistentQueue; Request ID: 998e63b8-e18c-5ff3-83d4-3c6ba68cdfc8; Proxy: null)
2024-12-11 13:22:33 - Queue Exception Message: The specified queue does not exist. (Service: AmazonSQS; Status Code: 400; Error Code: AWS.SimpleQueueService.NonExistentQueue; Request ID: 596f8692-a836-5063-9d6d-d941ef36a058; Proxy: null)
2024-12-11 13:22:33 - Queue Exception Message: The specified queue does not exist. (Service: AmazonSQS; Status Code: 400; Error Code: AWS.SimpleQueueService.NonExistentQueue; Request ID: ba52763b-b915-5683-af5a-29e8fe1576b8; Proxy: null)
2024-12-11 13:22:34 - No mapping for GET /pong
2024-12-11 13:22:34 - No endpoint GET /pong.
2024-12-11 13:26:39 - Queue Exception Message: The specified queue does not exist. (Service: AmazonSQS; Status Code: 400; Error Code: AWS.SimpleQueueService.NonExistentQueue; Request ID: 3c0ed942-6a8b-57f2-ae48-86912d7ef28f; Proxy: null)
2024-12-11 13:26:39 - Queue Exception Message: The specified queue does not exist. (Service: AmazonSQS; Status Code: 400; Error Code: AWS.SimpleQueueService.NonExistentQueue; Request ID: bff3d269-32c7-505d-bb77-8dba7532d520; Proxy: null)
2024-12-11 13:26:39 - Queue Exception Message: The specified queue does not exist. (Service: AmazonSQS; Status Code: 400; Error Code: AWS.SimpleQueueService.NonExistentQueue; Request ID: 226f108b-6166-5181-9c2f-4f58269004fc; Proxy: null)
2024-12-11 13:26:39 - Queue Exception Message: The specified queue does not exist. (Service: AmazonSQS; Status Code: 400; Error Code: AWS.SimpleQueueService.NonExistentQueue; Request ID: 31824316-46af-5a19-a4e5-1cc50159bf64; Proxy: null)
2024-12-11 13:26:39 - Queue Exception Message: The specified queue does not exist. (Service: AmazonSQS; Status Code: 400; Error Code: AWS.SimpleQueueService.NonExistentQueue; Request ID: 390664d8-9dfe-5dd1-a01d-3b0bda0868ac; Proxy: null)
2024-12-11 13:26:40 - Queue Exception Message: The specified queue does not exist. (Service: AmazonSQS; Status Code: 400; Error Code: AWS.SimpleQueueService.NonExistentQueue; Request ID: c0379c2e-5fe2-5c13-8c9e-c3fd1814496e; Proxy: null)
2024-12-11 13:26:40 - Queue Exception Message: The specified queue does not exist. (Service: AmazonSQS; Status Code: 400; Error Code: AWS.SimpleQueueService.NonExistentQueue; Request ID: 1beca773-17c4-5a18-b4ce-f8a050336f65; Proxy: null)
2024-12-11 13:26:40 - Queue Exception Message: The specified queue does not exist. (Service: AmazonSQS; Status Code: 400; Error Code: AWS.SimpleQueueService.NonExistentQueue; Request ID: 0b54d1d6-d382-5707-90bf-8e059475027a; Proxy: null)
2024-12-11 13:26:40 - Queue Exception Message: The specified queue does not exist. (Service: AmazonSQS; Status Code: 400; Error Code: AWS.SimpleQueueService.NonExistentQueue; Request ID: b030f0a1-ef57-52b9-a9f1-af72a8a0c7c4; Proxy: null)
2024-12-11 13:26:41 - Queue Exception Message: The specified queue does not exist. (Service: AmazonSQS; Status Code: 400; Error Code: AWS.SimpleQueueService.NonExistentQueue; Request ID: 47e69a0a-c61b-54fe-9602-c5d981ec4183; Proxy: null)
2024-12-11 13:26:41 - No mapping for GET /pong
2024-12-11 13:26:41 - No endpoint GET /pong.
2024-12-11 13:31:06 - Queue Exception Message: The specified queue does not exist. (Service: AmazonSQS; Status Code: 400; Error Code: AWS.SimpleQueueService.NonExistentQueue; Request ID: 3a1d8927-af64-55f1-9c40-d6f4e66484ce; Proxy: null)
2024-12-11 13:31:06 - Queue Exception Message: The specified queue does not exist. (Service: AmazonSQS; Status Code: 400; Error Code: AWS.SimpleQueueService.NonExistentQueue; Request ID: 23ef76ce-c59d-5f3a-8d23-291d8c9c7e05; Proxy: null)
2024-12-11 13:31:06 - Queue Exception Message: The specified queue does not exist. (Service: AmazonSQS; Status Code: 400; Error Code: AWS.SimpleQueueService.NonExistentQueue; Request ID: 0ba1b372-54cf-5d7a-be0c-eca11dcefc45; Proxy: null)
2024-12-11 13:31:06 - Queue Exception Message: The specified queue does not exist. (Service: AmazonSQS; Status Code: 400; Error Code: AWS.SimpleQueueService.NonExistentQueue; Request ID: abacea32-cd5d-540c-b2f6-b5e1845ca533; Proxy: null)
2024-12-11 13:31:07 - Queue Exception Message: The specified queue does not exist. (Service: AmazonSQS; Status Code: 400; Error Code: AWS.SimpleQueueService.NonExistentQueue; Request ID: 611aafff-ff05-5021-85ef-f02cb604611e; Proxy: null)
2024-12-11 13:31:07 - Queue Exception Message: The specified queue does not exist. (Service: AmazonSQS; Status Code: 400; Error Code: AWS.SimpleQueueService.NonExistentQueue; Request ID: 7bef39ed-d1c4-513d-ae78-663e98c60002; Proxy: null)
2024-12-11 13:31:07 - Queue Exception Message: The specified queue does not exist. (Service: AmazonSQS; Status Code: 400; Error Code: AWS.SimpleQueueService.NonExistentQueue; Request ID: 525fe65f-64f1-57b5-bb43-b98c2df3b68a; Proxy: null)
2024-12-11 13:31:07 - Queue Exception Message: The specified queue does not exist. (Service: AmazonSQS; Status Code: 400; Error Code: AWS.SimpleQueueService.NonExistentQueue; Request ID: d2e0bbc2-d125-5688-8338-e411982737b7; Proxy: null)
2024-12-11 13:31:08 - Queue Exception Message: The specified queue does not exist. (Service: AmazonSQS; Status Code: 400; Error Code: AWS.SimpleQueueService.NonExistentQueue; Request ID: c585eba7-2f75-53f3-b418-b474667712cc; Proxy: null)
2024-12-11 13:31:08 - Queue Exception Message: The specified queue does not exist. (Service: AmazonSQS; Status Code: 400; Error Code: AWS.SimpleQueueService.NonExistentQueue; Request ID: 57225987-ed05-5947-a3df-0654a4064878; Proxy: null)
2024-12-11 13:31:18 - No mapping for GET /pong
2024-12-11 13:31:18 - No endpoint GET /pong.
2024-12-11 13:32:21 - Queue Exception Message: The specified queue does not exist. (Service: AmazonSQS; Status Code: 400; Error Code: AWS.SimpleQueueService.NonExistentQueue; Request ID: 145cb3e5-7d1b-5dce-8f1d-ec36345746fb; Proxy: null)
2024-12-11 13:32:21 - Queue Exception Message: The specified queue does not exist. (Service: AmazonSQS; Status Code: 400; Error Code: AWS.SimpleQueueService.NonExistentQueue; Request ID: ffc0f8a7-cf1f-5cf9-a9ff-a774865367cc; Proxy: null)
2024-12-11 13:32:21 - Queue Exception Message: The specified queue does not exist. (Service: AmazonSQS; Status Code: 400; Error Code: AWS.SimpleQueueService.NonExistentQueue; Request ID: 61f06378-5e8f-5d77-814a-3cab17c3e642; Proxy: null)
2024-12-11 13:32:22 - Queue Exception Message: The specified queue does not exist. (Service: AmazonSQS; Status Code: 400; Error Code: AWS.SimpleQueueService.NonExistentQueue; Request ID: 38f8d2d2-3dbd-553e-81de-8d0174f1de0b; Proxy: null)
2024-12-11 13:32:22 - Queue Exception Message: The specified queue does not exist. (Service: AmazonSQS; Status Code: 400; Error Code: AWS.SimpleQueueService.NonExistentQueue; Request ID: 482503e8-c0ad-5925-b852-5c3b89e08210; Proxy: null)
2024-12-11 13:32:22 - Queue Exception Message: The specified queue does not exist. (Service: AmazonSQS; Status Code: 400; Error Code: AWS.SimpleQueueService.NonExistentQueue; Request ID: 7e0de61b-4757-59ba-ad9f-b9c80e1a328f; Proxy: null)
2024-12-11 13:32:22 - Queue Exception Message: The specified queue does not exist. (Service: AmazonSQS; Status Code: 400; Error Code: AWS.SimpleQueueService.NonExistentQueue; Request ID: 27e7d795-0f70-5684-bbbe-8846463dbdb1; Proxy: null)
2024-12-11 13:32:22 - Queue Exception Message: The specified queue does not exist. (Service: AmazonSQS; Status Code: 400; Error Code: AWS.SimpleQueueService.NonExistentQueue; Request ID: 84ef8497-e016-54cb-97b3-db44a95b0ffe; Proxy: null)
2024-12-11 13:32:23 - Queue Exception Message: The specified queue does not exist. (Service: AmazonSQS; Status Code: 400; Error Code: AWS.SimpleQueueService.NonExistentQueue; Request ID: 426932e7-56a2-5a62-924d-6d341fefc157; Proxy: null)
2024-12-11 13:32:23 - Queue Exception Message: The specified queue does not exist. (Service: AmazonSQS; Status Code: 400; Error Code: AWS.SimpleQueueService.NonExistentQueue; Request ID: 2b387c7c-8df7-5fcd-8f29-23afc4b9d4f8; Proxy: null)
2024-12-11 13:32:33 - No mapping for GET /pong
2024-12-11 13:32:33 - No endpoint GET /pong.
2024-12-11 13:40:10 - Queue Exception Message: The specified queue does not exist. (Service: AmazonSQS; Status Code: 400; Error Code: AWS.SimpleQueueService.NonExistentQueue; Request ID: b3de9323-7e52-545b-9d48-ccf0357258f8; Proxy: null)
2024-12-11 13:40:10 - Queue Exception Message: The specified queue does not exist. (Service: AmazonSQS; Status Code: 400; Error Code: AWS.SimpleQueueService.NonExistentQueue; Request ID: 10234aa6-7262-5513-9cb5-1575394309b0; Proxy: null)
2024-12-11 13:40:10 - Queue Exception Message: The specified queue does not exist. (Service: AmazonSQS; Status Code: 400; Error Code: AWS.SimpleQueueService.NonExistentQueue; Request ID: 42a300c1-881c-5f36-9088-5f12c33dd395; Proxy: null)
2024-12-11 13:40:10 - Queue Exception Message: The specified queue does not exist. (Service: AmazonSQS; Status Code: 400; Error Code: AWS.SimpleQueueService.NonExistentQueue; Request ID: ba607748-0a26-5141-a004-289b4107cde2; Proxy: null)
2024-12-11 13:40:11 - Queue Exception Message: The specified queue does not exist. (Service: AmazonSQS; Status Code: 400; Error Code: AWS.SimpleQueueService.NonExistentQueue; Request ID: 54abbcd0-493c-5136-ab8c-e303021d8d95; Proxy: null)
2024-12-11 13:40:11 - Queue Exception Message: The specified queue does not exist. (Service: AmazonSQS; Status Code: 400; Error Code: AWS.SimpleQueueService.NonExistentQueue; Request ID: b87509a5-9472-58b1-8a7b-5676df530412; Proxy: null)
2024-12-11 13:40:11 - Queue Exception Message: The specified queue does not exist. (Service: AmazonSQS; Status Code: 400; Error Code: AWS.SimpleQueueService.NonExistentQueue; Request ID: ae0c645a-f523-5e5e-b58b-3b89be0142fd; Proxy: null)
2024-12-11 13:40:11 - Queue Exception Message: The specified queue does not exist. (Service: AmazonSQS; Status Code: 400; Error Code: AWS.SimpleQueueService.NonExistentQueue; Request ID: 71197fe1-942e-5945-abcc-2032df0cd5e6; Proxy: null)
2024-12-11 13:40:12 - Queue Exception Message: The specified queue does not exist. (Service: AmazonSQS; Status Code: 400; Error Code: AWS.SimpleQueueService.NonExistentQueue; Request ID: f5443818-52af-538d-9904-67cb198d3f2e; Proxy: null)
2024-12-11 13:40:12 - Queue Exception Message: The specified queue does not exist. (Service: AmazonSQS; Status Code: 400; Error Code: AWS.SimpleQueueService.NonExistentQueue; Request ID: 44317cda-418e-5388-86d1-23090aac2f2b; Proxy: null)
2024-12-11 13:40:22 - No mapping for GET /pong
2024-12-11 13:40:22 - No endpoint GET /pong.
2024-12-11 13:41:26 - No mapping for GET /pong
2024-12-11 13:41:26 - No endpoint GET /pong.
2024-12-11 14:09:38 - Unable to start LiveReload server
2024-12-11 14:10:26 - Unable to start LiveReload server
2024-12-11 14:10:26 - Exception encountered during context initialization - cancelling refresh attempt: org.springframework.context.ApplicationContextException: Failed to start bean 'webServerStartStop'
2024-12-11 14:10:26 - 

***************************
APPLICATION FAILED TO START
***************************

Description:

Web server failed to start. Port 8080 was already in use.

Action:

Identify and stop the process that's listening on port 8080 or configure this application to listen on another port.

2024-12-11 14:11:03 - Unable to start LiveReload server
2024-12-11 14:12:11 - No mapping for GET /favicon.ico
2024-12-11 14:12:11 - No endpoint GET /favicon.ico.
2024-12-11 14:13:45 - Unable to start LiveReload server
2024-12-11 15:14:12 - No mapping for GET /pong
2024-12-11 15:14:12 - No endpoint GET /pong.
2024-12-11 15:23:30 - Error while mapping object to RequestType class
com.fasterxml.jackson.databind.exc.MismatchedInputException: No content to map due to end-of-input
 at [Source: REDACTED (`StreamReadFeature.INCLUDE_SOURCE_IN_LOCATION` disabled); line: 1]
	at com.fasterxml.jackson.databind.exc.MismatchedInputException.from(MismatchedInputException.java:59)
	at com.fasterxml.jackson.databind.DeserializationContext.reportInputMismatch(DeserializationContext.java:1767)
	at com.fasterxml.jackson.databind.ObjectReader._initForReading(ObjectReader.java:360)
	at com.fasterxml.jackson.databind.ObjectReader._bindAndClose(ObjectReader.java:2115)
	at com.fasterxml.jackson.databind.ObjectReader.readValue(ObjectReader.java:1501)
	at com.amazonaws.serverless.proxy.internal.LambdaContainerHandler.proxyStream(LambdaContainerHandler.java:257)
	at com.wg.banking.StreamLambdaHandler.handleRequest(StreamLambdaHandler.java:38)
	at com.wg.banking.StreamLambdaHandlerTest.handle(StreamLambdaHandlerTest.java:73)
	at com.wg.banking.StreamLambdaHandlerTest.ping_streamRequest_respondsWithHello(StreamLambdaHandlerTest.java:42)
	at java.base/jdk.internal.reflect.DirectMethodHandleAccessor.invoke(DirectMethodHandleAccessor.java:103)
	at java.base/java.lang.reflect.Method.invoke(Method.java:580)
	at org.junit.platform.commons.util.ReflectionUtils.invokeMethod(ReflectionUtils.java:767)
	at org.junit.jupiter.engine.execution.MethodInvocation.proceed(MethodInvocation.java:60)
	at org.junit.jupiter.engine.execution.InvocationInterceptorChain$ValidatingInvocation.proceed(InvocationInterceptorChain.java:131)
	at org.junit.jupiter.engine.extension.TimeoutExtension.intercept(TimeoutExtension.java:156)
	at org.junit.jupiter.engine.extension.TimeoutExtension.interceptTestableMethod(TimeoutExtension.java:147)
	at org.junit.jupiter.engine.extension.TimeoutExtension.interceptTestMethod(TimeoutExtension.java:86)
	at org.junit.jupiter.engine.execution.InterceptingExecutableInvoker$ReflectiveInterceptorCall.lambda$ofVoidMethod$0(InterceptingExecutableInvoker.java:103)
	at org.junit.jupiter.engine.execution.InterceptingExecutableInvoker.lambda$invoke$0(InterceptingExecutableInvoker.java:93)
	at org.junit.jupiter.engine.execution.InvocationInterceptorChain$InterceptedInvocation.proceed(InvocationInterceptorChain.java:106)
	at org.junit.jupiter.engine.execution.InvocationInterceptorChain.proceed(InvocationInterceptorChain.java:64)
	at org.junit.jupiter.engine.execution.InvocationInterceptorChain.chainAndInvoke(InvocationInterceptorChain.java:45)
	at org.junit.jupiter.engine.execution.InvocationInterceptorChain.invoke(InvocationInterceptorChain.java:37)
	at org.junit.jupiter.engine.execution.InterceptingExecutableInvoker.invoke(InterceptingExecutableInvoker.java:92)
	at org.junit.jupiter.engine.execution.InterceptingExecutableInvoker.invoke(InterceptingExecutableInvoker.java:86)
	at org.junit.jupiter.engine.descriptor.TestMethodTestDescriptor.lambda$invokeTestMethod$8(TestMethodTestDescriptor.java:217)
	at org.junit.platform.engine.support.hierarchical.ThrowableCollector.execute(ThrowableCollector.java:73)
	at org.junit.jupiter.engine.descriptor.TestMethodTestDescriptor.invokeTestMethod(TestMethodTestDescriptor.java:213)
	at org.junit.jupiter.engine.descriptor.TestMethodTestDescriptor.execute(TestMethodTestDescriptor.java:138)
	at org.junit.jupiter.engine.descriptor.TestMethodTestDescriptor.execute(TestMethodTestDescriptor.java:68)
	at org.junit.platform.engine.support.hierarchical.NodeTestTask.lambda$executeRecursively$6(NodeTestTask.java:156)
	at org.junit.platform.engine.support.hierarchical.ThrowableCollector.execute(ThrowableCollector.java:73)
	at org.junit.platform.engine.support.hierarchical.NodeTestTask.lambda$executeRecursively$8(NodeTestTask.java:146)
	at org.junit.platform.engine.support.hierarchical.Node.around(Node.java:137)
	at org.junit.platform.engine.support.hierarchical.NodeTestTask.lambda$executeRecursively$9(NodeTestTask.java:144)
	at org.junit.platform.engine.support.hierarchical.ThrowableCollector.execute(ThrowableCollector.java:73)
	at org.junit.platform.engine.support.hierarchical.NodeTestTask.executeRecursively(NodeTestTask.java:143)
	at org.junit.platform.engine.support.hierarchical.NodeTestTask.execute(NodeTestTask.java:100)
	at java.base/java.util.ArrayList.forEach(ArrayList.java:1597)
	at org.junit.platform.engine.support.hierarchical.SameThreadHierarchicalTestExecutorService.invokeAll(SameThreadHierarchicalTestExecutorService.java:41)
	at org.junit.platform.engine.support.hierarchical.NodeTestTask.lambda$executeRecursively$6(NodeTestTask.java:160)
	at org.junit.platform.engine.support.hierarchical.ThrowableCollector.execute(ThrowableCollector.java:73)
	at org.junit.platform.engine.support.hierarchical.NodeTestTask.lambda$executeRecursively$8(NodeTestTask.java:146)
	at org.junit.platform.engine.support.hierarchical.Node.around(Node.java:137)
	at org.junit.platform.engine.support.hierarchical.NodeTestTask.lambda$executeRecursively$9(NodeTestTask.java:144)
	at org.junit.platform.engine.support.hierarchical.ThrowableCollector.execute(ThrowableCollector.java:73)
	at org.junit.platform.engine.support.hierarchical.NodeTestTask.executeRecursively(NodeTestTask.java:143)
	at org.junit.platform.engine.support.hierarchical.NodeTestTask.execute(NodeTestTask.java:100)
	at java.base/java.util.ArrayList.forEach(ArrayList.java:1597)
	at org.junit.platform.engine.support.hierarchical.SameThreadHierarchicalTestExecutorService.invokeAll(SameThreadHierarchicalTestExecutorService.java:41)
	at org.junit.platform.engine.support.hierarchical.NodeTestTask.lambda$executeRecursively$6(NodeTestTask.java:160)
	at org.junit.platform.engine.support.hierarchical.ThrowableCollector.execute(ThrowableCollector.java:73)
	at org.junit.platform.engine.support.hierarchical.NodeTestTask.lambda$executeRecursively$8(NodeTestTask.java:146)
	at org.junit.platform.engine.support.hierarchical.Node.around(Node.java:137)
	at org.junit.platform.engine.support.hierarchical.NodeTestTask.lambda$executeRecursively$9(NodeTestTask.java:144)
	at org.junit.platform.engine.support.hierarchical.ThrowableCollector.execute(ThrowableCollector.java:73)
	at org.junit.platform.engine.support.hierarchical.NodeTestTask.executeRecursively(NodeTestTask.java:143)
	at org.junit.platform.engine.support.hierarchical.NodeTestTask.execute(NodeTestTask.java:100)
	at org.junit.platform.engine.support.hierarchical.SameThreadHierarchicalTestExecutorService.submit(SameThreadHierarchicalTestExecutorService.java:35)
	at org.junit.platform.engine.support.hierarchical.HierarchicalTestExecutor.execute(HierarchicalTestExecutor.java:57)
	at org.junit.platform.engine.support.hierarchical.HierarchicalTestEngine.execute(HierarchicalTestEngine.java:54)
	at org.junit.platform.launcher.core.EngineExecutionOrchestrator.execute(EngineExecutionOrchestrator.java:198)
	at org.junit.platform.launcher.core.EngineExecutionOrchestrator.execute(EngineExecutionOrchestrator.java:169)
	at org.junit.platform.launcher.core.EngineExecutionOrchestrator.execute(EngineExecutionOrchestrator.java:93)
	at org.junit.platform.launcher.core.EngineExecutionOrchestrator.lambda$execute$0(EngineExecutionOrchestrator.java:58)
	at org.junit.platform.launcher.core.EngineExecutionOrchestrator.withInterceptedStreams(EngineExecutionOrchestrator.java:141)
	at org.junit.platform.launcher.core.EngineExecutionOrchestrator.execute(EngineExecutionOrchestrator.java:57)
	at org.junit.platform.launcher.core.DefaultLauncher.execute(DefaultLauncher.java:103)
	at org.junit.platform.launcher.core.DefaultLauncher.execute(DefaultLauncher.java:85)
	at org.junit.platform.launcher.core.DelegatingLauncher.execute(DelegatingLauncher.java:47)
	at org.apache.maven.surefire.junitplatform.LazyLauncher.execute(LazyLauncher.java:56)
	at org.apache.maven.surefire.junitplatform.JUnitPlatformProvider.execute(JUnitPlatformProvider.java:184)
	at org.apache.maven.surefire.junitplatform.JUnitPlatformProvider.invokeAllTests(JUnitPlatformProvider.java:148)
	at org.apache.maven.surefire.junitplatform.JUnitPlatformProvider.invoke(JUnitPlatformProvider.java:122)
	at org.apache.maven.surefire.booter.ForkedBooter.runSuitesInProcess(ForkedBooter.java:385)
	at org.apache.maven.surefire.booter.ForkedBooter.execute(ForkedBooter.java:162)
	at org.apache.maven.surefire.booter.ForkedBooter.run(ForkedBooter.java:507)
	at org.apache.maven.surefire.booter.ForkedBooter.main(ForkedBooter.java:495)
2024-12-11 15:23:30 - Called exception handler for:
com.fasterxml.jackson.databind.exc.MismatchedInputException: No content to map due to end-of-input
 at [Source: REDACTED (`StreamReadFeature.INCLUDE_SOURCE_IN_LOCATION` disabled); line: 1]
	at com.fasterxml.jackson.databind.exc.MismatchedInputException.from(MismatchedInputException.java:59)
	at com.fasterxml.jackson.databind.DeserializationContext.reportInputMismatch(DeserializationContext.java:1767)
	at com.fasterxml.jackson.databind.ObjectReader._initForReading(ObjectReader.java:360)
	at com.fasterxml.jackson.databind.ObjectReader._bindAndClose(ObjectReader.java:2115)
	at com.fasterxml.jackson.databind.ObjectReader.readValue(ObjectReader.java:1501)
	at com.amazonaws.serverless.proxy.internal.LambdaContainerHandler.proxyStream(LambdaContainerHandler.java:257)
	at com.wg.banking.StreamLambdaHandler.handleRequest(StreamLambdaHandler.java:38)
	at com.wg.banking.StreamLambdaHandlerTest.handle(StreamLambdaHandlerTest.java:73)
	at com.wg.banking.StreamLambdaHandlerTest.ping_streamRequest_respondsWithHello(StreamLambdaHandlerTest.java:42)
	at java.base/jdk.internal.reflect.DirectMethodHandleAccessor.invoke(DirectMethodHandleAccessor.java:103)
	at java.base/java.lang.reflect.Method.invoke(Method.java:580)
	at org.junit.platform.commons.util.ReflectionUtils.invokeMethod(ReflectionUtils.java:767)
	at org.junit.jupiter.engine.execution.MethodInvocation.proceed(MethodInvocation.java:60)
	at org.junit.jupiter.engine.execution.InvocationInterceptorChain$ValidatingInvocation.proceed(InvocationInterceptorChain.java:131)
	at org.junit.jupiter.engine.extension.TimeoutExtension.intercept(TimeoutExtension.java:156)
	at org.junit.jupiter.engine.extension.TimeoutExtension.interceptTestableMethod(TimeoutExtension.java:147)
	at org.junit.jupiter.engine.extension.TimeoutExtension.interceptTestMethod(TimeoutExtension.java:86)
	at org.junit.jupiter.engine.execution.InterceptingExecutableInvoker$ReflectiveInterceptorCall.lambda$ofVoidMethod$0(InterceptingExecutableInvoker.java:103)
	at org.junit.jupiter.engine.execution.InterceptingExecutableInvoker.lambda$invoke$0(InterceptingExecutableInvoker.java:93)
	at org.junit.jupiter.engine.execution.InvocationInterceptorChain$InterceptedInvocation.proceed(InvocationInterceptorChain.java:106)
	at org.junit.jupiter.engine.execution.InvocationInterceptorChain.proceed(InvocationInterceptorChain.java:64)
	at org.junit.jupiter.engine.execution.InvocationInterceptorChain.chainAndInvoke(InvocationInterceptorChain.java:45)
	at org.junit.jupiter.engine.execution.InvocationInterceptorChain.invoke(InvocationInterceptorChain.java:37)
	at org.junit.jupiter.engine.execution.InterceptingExecutableInvoker.invoke(InterceptingExecutableInvoker.java:92)
	at org.junit.jupiter.engine.execution.InterceptingExecutableInvoker.invoke(InterceptingExecutableInvoker.java:86)
	at org.junit.jupiter.engine.descriptor.TestMethodTestDescriptor.lambda$invokeTestMethod$8(TestMethodTestDescriptor.java:217)
	at org.junit.platform.engine.support.hierarchical.ThrowableCollector.execute(ThrowableCollector.java:73)
	at org.junit.jupiter.engine.descriptor.TestMethodTestDescriptor.invokeTestMethod(TestMethodTestDescriptor.java:213)
	at org.junit.jupiter.engine.descriptor.TestMethodTestDescriptor.execute(TestMethodTestDescriptor.java:138)
	at org.junit.jupiter.engine.descriptor.TestMethodTestDescriptor.execute(TestMethodTestDescriptor.java:68)
	at org.junit.platform.engine.support.hierarchical.NodeTestTask.lambda$executeRecursively$6(NodeTestTask.java:156)
	at org.junit.platform.engine.support.hierarchical.ThrowableCollector.execute(ThrowableCollector.java:73)
	at org.junit.platform.engine.support.hierarchical.NodeTestTask.lambda$executeRecursively$8(NodeTestTask.java:146)
	at org.junit.platform.engine.support.hierarchical.Node.around(Node.java:137)
	at org.junit.platform.engine.support.hierarchical.NodeTestTask.lambda$executeRecursively$9(NodeTestTask.java:144)
	at org.junit.platform.engine.support.hierarchical.ThrowableCollector.execute(ThrowableCollector.java:73)
	at org.junit.platform.engine.support.hierarchical.NodeTestTask.executeRecursively(NodeTestTask.java:143)
	at org.junit.platform.engine.support.hierarchical.NodeTestTask.execute(NodeTestTask.java:100)
	at java.base/java.util.ArrayList.forEach(ArrayList.java:1597)
	at org.junit.platform.engine.support.hierarchical.SameThreadHierarchicalTestExecutorService.invokeAll(SameThreadHierarchicalTestExecutorService.java:41)
	at org.junit.platform.engine.support.hierarchical.NodeTestTask.lambda$executeRecursively$6(NodeTestTask.java:160)
	at org.junit.platform.engine.support.hierarchical.ThrowableCollector.execute(ThrowableCollector.java:73)
	at org.junit.platform.engine.support.hierarchical.NodeTestTask.lambda$executeRecursively$8(NodeTestTask.java:146)
	at org.junit.platform.engine.support.hierarchical.Node.around(Node.java:137)
	at org.junit.platform.engine.support.hierarchical.NodeTestTask.lambda$executeRecursively$9(NodeTestTask.java:144)
	at org.junit.platform.engine.support.hierarchical.ThrowableCollector.execute(ThrowableCollector.java:73)
	at org.junit.platform.engine.support.hierarchical.NodeTestTask.executeRecursively(NodeTestTask.java:143)
	at org.junit.platform.engine.support.hierarchical.NodeTestTask.execute(NodeTestTask.java:100)
	at java.base/java.util.ArrayList.forEach(ArrayList.java:1597)
	at org.junit.platform.engine.support.hierarchical.SameThreadHierarchicalTestExecutorService.invokeAll(SameThreadHierarchicalTestExecutorService.java:41)
	at org.junit.platform.engine.support.hierarchical.NodeTestTask.lambda$executeRecursively$6(NodeTestTask.java:160)
	at org.junit.platform.engine.support.hierarchical.ThrowableCollector.execute(ThrowableCollector.java:73)
	at org.junit.platform.engine.support.hierarchical.NodeTestTask.lambda$executeRecursively$8(NodeTestTask.java:146)
	at org.junit.platform.engine.support.hierarchical.Node.around(Node.java:137)
	at org.junit.platform.engine.support.hierarchical.NodeTestTask.lambda$executeRecursively$9(NodeTestTask.java:144)
	at org.junit.platform.engine.support.hierarchical.ThrowableCollector.execute(ThrowableCollector.java:73)
	at org.junit.platform.engine.support.hierarchical.NodeTestTask.executeRecursively(NodeTestTask.java:143)
	at org.junit.platform.engine.support.hierarchical.NodeTestTask.execute(NodeTestTask.java:100)
	at org.junit.platform.engine.support.hierarchical.SameThreadHierarchicalTestExecutorService.submit(SameThreadHierarchicalTestExecutorService.java:35)
	at org.junit.platform.engine.support.hierarchical.HierarchicalTestExecutor.execute(HierarchicalTestExecutor.java:57)
	at org.junit.platform.engine.support.hierarchical.HierarchicalTestEngine.execute(HierarchicalTestEngine.java:54)
	at org.junit.platform.launcher.core.EngineExecutionOrchestrator.execute(EngineExecutionOrchestrator.java:198)
	at org.junit.platform.launcher.core.EngineExecutionOrchestrator.execute(EngineExecutionOrchestrator.java:169)
	at org.junit.platform.launcher.core.EngineExecutionOrchestrator.execute(EngineExecutionOrchestrator.java:93)
	at org.junit.platform.launcher.core.EngineExecutionOrchestrator.lambda$execute$0(EngineExecutionOrchestrator.java:58)
	at org.junit.platform.launcher.core.EngineExecutionOrchestrator.withInterceptedStreams(EngineExecutionOrchestrator.java:141)
	at org.junit.platform.launcher.core.EngineExecutionOrchestrator.execute(EngineExecutionOrchestrator.java:57)
	at org.junit.platform.launcher.core.DefaultLauncher.execute(DefaultLauncher.java:103)
	at org.junit.platform.launcher.core.DefaultLauncher.execute(DefaultLauncher.java:85)
	at org.junit.platform.launcher.core.DelegatingLauncher.execute(DelegatingLauncher.java:47)
	at org.apache.maven.surefire.junitplatform.LazyLauncher.execute(LazyLauncher.java:56)
	at org.apache.maven.surefire.junitplatform.JUnitPlatformProvider.execute(JUnitPlatformProvider.java:184)
	at org.apache.maven.surefire.junitplatform.JUnitPlatformProvider.invokeAllTests(JUnitPlatformProvider.java:148)
	at org.apache.maven.surefire.junitplatform.JUnitPlatformProvider.invoke(JUnitPlatformProvider.java:122)
	at org.apache.maven.surefire.booter.ForkedBooter.runSuitesInProcess(ForkedBooter.java:385)
	at org.apache.maven.surefire.booter.ForkedBooter.execute(ForkedBooter.java:162)
	at org.apache.maven.surefire.booter.ForkedBooter.run(ForkedBooter.java:507)
	at org.apache.maven.surefire.booter.ForkedBooter.main(ForkedBooter.java:495)
2024-12-11 15:23:30 - Error while mapping object to RequestType class
com.fasterxml.jackson.databind.exc.MismatchedInputException: No content to map due to end-of-input
 at [Source: REDACTED (`StreamReadFeature.INCLUDE_SOURCE_IN_LOCATION` disabled); line: 1]
	at com.fasterxml.jackson.databind.exc.MismatchedInputException.from(MismatchedInputException.java:59)
	at com.fasterxml.jackson.databind.DeserializationContext.reportInputMismatch(DeserializationContext.java:1767)
	at com.fasterxml.jackson.databind.ObjectReader._initForReading(ObjectReader.java:360)
	at com.fasterxml.jackson.databind.ObjectReader._bindAndClose(ObjectReader.java:2115)
	at com.fasterxml.jackson.databind.ObjectReader.readValue(ObjectReader.java:1501)
	at com.amazonaws.serverless.proxy.internal.LambdaContainerHandler.proxyStream(LambdaContainerHandler.java:257)
	at com.wg.banking.StreamLambdaHandler.handleRequest(StreamLambdaHandler.java:38)
	at com.wg.banking.StreamLambdaHandlerTest.handle(StreamLambdaHandlerTest.java:73)
	at com.wg.banking.StreamLambdaHandlerTest.invalidResource_streamRequest_responds404(StreamLambdaHandlerTest.java:64)
	at java.base/jdk.internal.reflect.DirectMethodHandleAccessor.invoke(DirectMethodHandleAccessor.java:103)
	at java.base/java.lang.reflect.Method.invoke(Method.java:580)
	at org.junit.platform.commons.util.ReflectionUtils.invokeMethod(ReflectionUtils.java:767)
	at org.junit.jupiter.engine.execution.MethodInvocation.proceed(MethodInvocation.java:60)
	at org.junit.jupiter.engine.execution.InvocationInterceptorChain$ValidatingInvocation.proceed(InvocationInterceptorChain.java:131)
	at org.junit.jupiter.engine.extension.TimeoutExtension.intercept(TimeoutExtension.java:156)
	at org.junit.jupiter.engine.extension.TimeoutExtension.interceptTestableMethod(TimeoutExtension.java:147)
	at org.junit.jupiter.engine.extension.TimeoutExtension.interceptTestMethod(TimeoutExtension.java:86)
	at org.junit.jupiter.engine.execution.InterceptingExecutableInvoker$ReflectiveInterceptorCall.lambda$ofVoidMethod$0(InterceptingExecutableInvoker.java:103)
	at org.junit.jupiter.engine.execution.InterceptingExecutableInvoker.lambda$invoke$0(InterceptingExecutableInvoker.java:93)
	at org.junit.jupiter.engine.execution.InvocationInterceptorChain$InterceptedInvocation.proceed(InvocationInterceptorChain.java:106)
	at org.junit.jupiter.engine.execution.InvocationInterceptorChain.proceed(InvocationInterceptorChain.java:64)
	at org.junit.jupiter.engine.execution.InvocationInterceptorChain.chainAndInvoke(InvocationInterceptorChain.java:45)
	at org.junit.jupiter.engine.execution.InvocationInterceptorChain.invoke(InvocationInterceptorChain.java:37)
	at org.junit.jupiter.engine.execution.InterceptingExecutableInvoker.invoke(InterceptingExecutableInvoker.java:92)
	at org.junit.jupiter.engine.execution.InterceptingExecutableInvoker.invoke(InterceptingExecutableInvoker.java:86)
	at org.junit.jupiter.engine.descriptor.TestMethodTestDescriptor.lambda$invokeTestMethod$8(TestMethodTestDescriptor.java:217)
	at org.junit.platform.engine.support.hierarchical.ThrowableCollector.execute(ThrowableCollector.java:73)
	at org.junit.jupiter.engine.descriptor.TestMethodTestDescriptor.invokeTestMethod(TestMethodTestDescriptor.java:213)
	at org.junit.jupiter.engine.descriptor.TestMethodTestDescriptor.execute(TestMethodTestDescriptor.java:138)
	at org.junit.jupiter.engine.descriptor.TestMethodTestDescriptor.execute(TestMethodTestDescriptor.java:68)
	at org.junit.platform.engine.support.hierarchical.NodeTestTask.lambda$executeRecursively$6(NodeTestTask.java:156)
	at org.junit.platform.engine.support.hierarchical.ThrowableCollector.execute(ThrowableCollector.java:73)
	at org.junit.platform.engine.support.hierarchical.NodeTestTask.lambda$executeRecursively$8(NodeTestTask.java:146)
	at org.junit.platform.engine.support.hierarchical.Node.around(Node.java:137)
	at org.junit.platform.engine.support.hierarchical.NodeTestTask.lambda$executeRecursively$9(NodeTestTask.java:144)
	at org.junit.platform.engine.support.hierarchical.ThrowableCollector.execute(ThrowableCollector.java:73)
	at org.junit.platform.engine.support.hierarchical.NodeTestTask.executeRecursively(NodeTestTask.java:143)
	at org.junit.platform.engine.support.hierarchical.NodeTestTask.execute(NodeTestTask.java:100)
	at java.base/java.util.ArrayList.forEach(ArrayList.java:1597)
	at org.junit.platform.engine.support.hierarchical.SameThreadHierarchicalTestExecutorService.invokeAll(SameThreadHierarchicalTestExecutorService.java:41)
	at org.junit.platform.engine.support.hierarchical.NodeTestTask.lambda$executeRecursively$6(NodeTestTask.java:160)
	at org.junit.platform.engine.support.hierarchical.ThrowableCollector.execute(ThrowableCollector.java:73)
	at org.junit.platform.engine.support.hierarchical.NodeTestTask.lambda$executeRecursively$8(NodeTestTask.java:146)
	at org.junit.platform.engine.support.hierarchical.Node.around(Node.java:137)
	at org.junit.platform.engine.support.hierarchical.NodeTestTask.lambda$executeRecursively$9(NodeTestTask.java:144)
	at org.junit.platform.engine.support.hierarchical.ThrowableCollector.execute(ThrowableCollector.java:73)
	at org.junit.platform.engine.support.hierarchical.NodeTestTask.executeRecursively(NodeTestTask.java:143)
	at org.junit.platform.engine.support.hierarchical.NodeTestTask.execute(NodeTestTask.java:100)
	at java.base/java.util.ArrayList.forEach(ArrayList.java:1597)
	at org.junit.platform.engine.support.hierarchical.SameThreadHierarchicalTestExecutorService.invokeAll(SameThreadHierarchicalTestExecutorService.java:41)
	at org.junit.platform.engine.support.hierarchical.NodeTestTask.lambda$executeRecursively$6(NodeTestTask.java:160)
	at org.junit.platform.engine.support.hierarchical.ThrowableCollector.execute(ThrowableCollector.java:73)
	at org.junit.platform.engine.support.hierarchical.NodeTestTask.lambda$executeRecursively$8(NodeTestTask.java:146)
	at org.junit.platform.engine.support.hierarchical.Node.around(Node.java:137)
	at org.junit.platform.engine.support.hierarchical.NodeTestTask.lambda$executeRecursively$9(NodeTestTask.java:144)
	at org.junit.platform.engine.support.hierarchical.ThrowableCollector.execute(ThrowableCollector.java:73)
	at org.junit.platform.engine.support.hierarchical.NodeTestTask.executeRecursively(NodeTestTask.java:143)
	at org.junit.platform.engine.support.hierarchical.NodeTestTask.execute(NodeTestTask.java:100)
	at org.junit.platform.engine.support.hierarchical.SameThreadHierarchicalTestExecutorService.submit(SameThreadHierarchicalTestExecutorService.java:35)
	at org.junit.platform.engine.support.hierarchical.HierarchicalTestExecutor.execute(HierarchicalTestExecutor.java:57)
	at org.junit.platform.engine.support.hierarchical.HierarchicalTestEngine.execute(HierarchicalTestEngine.java:54)
	at org.junit.platform.launcher.core.EngineExecutionOrchestrator.execute(EngineExecutionOrchestrator.java:198)
	at org.junit.platform.launcher.core.EngineExecutionOrchestrator.execute(EngineExecutionOrchestrator.java:169)
	at org.junit.platform.launcher.core.EngineExecutionOrchestrator.execute(EngineExecutionOrchestrator.java:93)
	at org.junit.platform.launcher.core.EngineExecutionOrchestrator.lambda$execute$0(EngineExecutionOrchestrator.java:58)
	at org.junit.platform.launcher.core.EngineExecutionOrchestrator.withInterceptedStreams(EngineExecutionOrchestrator.java:141)
	at org.junit.platform.launcher.core.EngineExecutionOrchestrator.execute(EngineExecutionOrchestrator.java:57)
	at org.junit.platform.launcher.core.DefaultLauncher.execute(DefaultLauncher.java:103)
	at org.junit.platform.launcher.core.DefaultLauncher.execute(DefaultLauncher.java:85)
	at org.junit.platform.launcher.core.DelegatingLauncher.execute(DelegatingLauncher.java:47)
	at org.apache.maven.surefire.junitplatform.LazyLauncher.execute(LazyLauncher.java:56)
	at org.apache.maven.surefire.junitplatform.JUnitPlatformProvider.execute(JUnitPlatformProvider.java:184)
	at org.apache.maven.surefire.junitplatform.JUnitPlatformProvider.invokeAllTests(JUnitPlatformProvider.java:148)
	at org.apache.maven.surefire.junitplatform.JUnitPlatformProvider.invoke(JUnitPlatformProvider.java:122)
	at org.apache.maven.surefire.booter.ForkedBooter.runSuitesInProcess(ForkedBooter.java:385)
	at org.apache.maven.surefire.booter.ForkedBooter.execute(ForkedBooter.java:162)
	at org.apache.maven.surefire.booter.ForkedBooter.run(ForkedBooter.java:507)
	at org.apache.maven.surefire.booter.ForkedBooter.main(ForkedBooter.java:495)
2024-12-11 15:23:30 - Called exception handler for:
com.fasterxml.jackson.databind.exc.MismatchedInputException: No content to map due to end-of-input
 at [Source: REDACTED (`StreamReadFeature.INCLUDE_SOURCE_IN_LOCATION` disabled); line: 1]
	at com.fasterxml.jackson.databind.exc.MismatchedInputException.from(MismatchedInputException.java:59)
	at com.fasterxml.jackson.databind.DeserializationContext.reportInputMismatch(DeserializationContext.java:1767)
	at com.fasterxml.jackson.databind.ObjectReader._initForReading(ObjectReader.java:360)
	at com.fasterxml.jackson.databind.ObjectReader._bindAndClose(ObjectReader.java:2115)
	at com.fasterxml.jackson.databind.ObjectReader.readValue(ObjectReader.java:1501)
	at com.amazonaws.serverless.proxy.internal.LambdaContainerHandler.proxyStream(LambdaContainerHandler.java:257)
	at com.wg.banking.StreamLambdaHandler.handleRequest(StreamLambdaHandler.java:38)
	at com.wg.banking.StreamLambdaHandlerTest.handle(StreamLambdaHandlerTest.java:73)
	at com.wg.banking.StreamLambdaHandlerTest.invalidResource_streamRequest_responds404(StreamLambdaHandlerTest.java:64)
	at java.base/jdk.internal.reflect.DirectMethodHandleAccessor.invoke(DirectMethodHandleAccessor.java:103)
	at java.base/java.lang.reflect.Method.invoke(Method.java:580)
	at org.junit.platform.commons.util.ReflectionUtils.invokeMethod(ReflectionUtils.java:767)
	at org.junit.jupiter.engine.execution.MethodInvocation.proceed(MethodInvocation.java:60)
	at org.junit.jupiter.engine.execution.InvocationInterceptorChain$ValidatingInvocation.proceed(InvocationInterceptorChain.java:131)
	at org.junit.jupiter.engine.extension.TimeoutExtension.intercept(TimeoutExtension.java:156)
	at org.junit.jupiter.engine.extension.TimeoutExtension.interceptTestableMethod(TimeoutExtension.java:147)
	at org.junit.jupiter.engine.extension.TimeoutExtension.interceptTestMethod(TimeoutExtension.java:86)
	at org.junit.jupiter.engine.execution.InterceptingExecutableInvoker$ReflectiveInterceptorCall.lambda$ofVoidMethod$0(InterceptingExecutableInvoker.java:103)
	at org.junit.jupiter.engine.execution.InterceptingExecutableInvoker.lambda$invoke$0(InterceptingExecutableInvoker.java:93)
	at org.junit.jupiter.engine.execution.InvocationInterceptorChain$InterceptedInvocation.proceed(InvocationInterceptorChain.java:106)
	at org.junit.jupiter.engine.execution.InvocationInterceptorChain.proceed(InvocationInterceptorChain.java:64)
	at org.junit.jupiter.engine.execution.InvocationInterceptorChain.chainAndInvoke(InvocationInterceptorChain.java:45)
	at org.junit.jupiter.engine.execution.InvocationInterceptorChain.invoke(InvocationInterceptorChain.java:37)
	at org.junit.jupiter.engine.execution.InterceptingExecutableInvoker.invoke(InterceptingExecutableInvoker.java:92)
	at org.junit.jupiter.engine.execution.InterceptingExecutableInvoker.invoke(InterceptingExecutableInvoker.java:86)
	at org.junit.jupiter.engine.descriptor.TestMethodTestDescriptor.lambda$invokeTestMethod$8(TestMethodTestDescriptor.java:217)
	at org.junit.platform.engine.support.hierarchical.ThrowableCollector.execute(ThrowableCollector.java:73)
	at org.junit.jupiter.engine.descriptor.TestMethodTestDescriptor.invokeTestMethod(TestMethodTestDescriptor.java:213)
	at org.junit.jupiter.engine.descriptor.TestMethodTestDescriptor.execute(TestMethodTestDescriptor.java:138)
	at org.junit.jupiter.engine.descriptor.TestMethodTestDescriptor.execute(TestMethodTestDescriptor.java:68)
	at org.junit.platform.engine.support.hierarchical.NodeTestTask.lambda$executeRecursively$6(NodeTestTask.java:156)
	at org.junit.platform.engine.support.hierarchical.ThrowableCollector.execute(ThrowableCollector.java:73)
	at org.junit.platform.engine.support.hierarchical.NodeTestTask.lambda$executeRecursively$8(NodeTestTask.java:146)
	at org.junit.platform.engine.support.hierarchical.Node.around(Node.java:137)
	at org.junit.platform.engine.support.hierarchical.NodeTestTask.lambda$executeRecursively$9(NodeTestTask.java:144)
	at org.junit.platform.engine.support.hierarchical.ThrowableCollector.execute(ThrowableCollector.java:73)
	at org.junit.platform.engine.support.hierarchical.NodeTestTask.executeRecursively(NodeTestTask.java:143)
	at org.junit.platform.engine.support.hierarchical.NodeTestTask.execute(NodeTestTask.java:100)
	at java.base/java.util.ArrayList.forEach(ArrayList.java:1597)
	at org.junit.platform.engine.support.hierarchical.SameThreadHierarchicalTestExecutorService.invokeAll(SameThreadHierarchicalTestExecutorService.java:41)
	at org.junit.platform.engine.support.hierarchical.NodeTestTask.lambda$executeRecursively$6(NodeTestTask.java:160)
	at org.junit.platform.engine.support.hierarchical.ThrowableCollector.execute(ThrowableCollector.java:73)
	at org.junit.platform.engine.support.hierarchical.NodeTestTask.lambda$executeRecursively$8(NodeTestTask.java:146)
	at org.junit.platform.engine.support.hierarchical.Node.around(Node.java:137)
	at org.junit.platform.engine.support.hierarchical.NodeTestTask.lambda$executeRecursively$9(NodeTestTask.java:144)
	at org.junit.platform.engine.support.hierarchical.ThrowableCollector.execute(ThrowableCollector.java:73)
	at org.junit.platform.engine.support.hierarchical.NodeTestTask.executeRecursively(NodeTestTask.java:143)
	at org.junit.platform.engine.support.hierarchical.NodeTestTask.execute(NodeTestTask.java:100)
	at java.base/java.util.ArrayList.forEach(ArrayList.java:1597)
	at org.junit.platform.engine.support.hierarchical.SameThreadHierarchicalTestExecutorService.invokeAll(SameThreadHierarchicalTestExecutorService.java:41)
	at org.junit.platform.engine.support.hierarchical.NodeTestTask.lambda$executeRecursively$6(NodeTestTask.java:160)
	at org.junit.platform.engine.support.hierarchical.ThrowableCollector.execute(ThrowableCollector.java:73)
	at org.junit.platform.engine.support.hierarchical.NodeTestTask.lambda$executeRecursively$8(NodeTestTask.java:146)
	at org.junit.platform.engine.support.hierarchical.Node.around(Node.java:137)
	at org.junit.platform.engine.support.hierarchical.NodeTestTask.lambda$executeRecursively$9(NodeTestTask.java:144)
	at org.junit.platform.engine.support.hierarchical.ThrowableCollector.execute(ThrowableCollector.java:73)
	at org.junit.platform.engine.support.hierarchical.NodeTestTask.executeRecursively(NodeTestTask.java:143)
	at org.junit.platform.engine.support.hierarchical.NodeTestTask.execute(NodeTestTask.java:100)
	at org.junit.platform.engine.support.hierarchical.SameThreadHierarchicalTestExecutorService.submit(SameThreadHierarchicalTestExecutorService.java:35)
	at org.junit.platform.engine.support.hierarchical.HierarchicalTestExecutor.execute(HierarchicalTestExecutor.java:57)
	at org.junit.platform.engine.support.hierarchical.HierarchicalTestEngine.execute(HierarchicalTestEngine.java:54)
	at org.junit.platform.launcher.core.EngineExecutionOrchestrator.execute(EngineExecutionOrchestrator.java:198)
	at org.junit.platform.launcher.core.EngineExecutionOrchestrator.execute(EngineExecutionOrchestrator.java:169)
	at org.junit.platform.launcher.core.EngineExecutionOrchestrator.execute(EngineExecutionOrchestrator.java:93)
	at org.junit.platform.launcher.core.EngineExecutionOrchestrator.lambda$execute$0(EngineExecutionOrchestrator.java:58)
	at org.junit.platform.launcher.core.EngineExecutionOrchestrator.withInterceptedStreams(EngineExecutionOrchestrator.java:141)
	at org.junit.platform.launcher.core.EngineExecutionOrchestrator.execute(EngineExecutionOrchestrator.java:57)
	at org.junit.platform.launcher.core.DefaultLauncher.execute(DefaultLauncher.java:103)
	at org.junit.platform.launcher.core.DefaultLauncher.execute(DefaultLauncher.java:85)
	at org.junit.platform.launcher.core.DelegatingLauncher.execute(DelegatingLauncher.java:47)
	at org.apache.maven.surefire.junitplatform.LazyLauncher.execute(LazyLauncher.java:56)
	at org.apache.maven.surefire.junitplatform.JUnitPlatformProvider.execute(JUnitPlatformProvider.java:184)
	at org.apache.maven.surefire.junitplatform.JUnitPlatformProvider.invokeAllTests(JUnitPlatformProvider.java:148)
	at org.apache.maven.surefire.junitplatform.JUnitPlatformProvider.invoke(JUnitPlatformProvider.java:122)
	at org.apache.maven.surefire.booter.ForkedBooter.runSuitesInProcess(ForkedBooter.java:385)
	at org.apache.maven.surefire.booter.ForkedBooter.execute(ForkedBooter.java:162)
	at org.apache.maven.surefire.booter.ForkedBooter.run(ForkedBooter.java:507)
	at org.apache.maven.surefire.booter.ForkedBooter.main(ForkedBooter.java:495)
